14977 silly lockFile 7d12ebf6-onent-reduce-component-1-0-1-tgz https://registry.npmjs.org/reduce-component/-/reduce-component-1.0.1.tgz
14978 silly lockFile 7d12ebf6-onent-reduce-component-1-0-1-tgz https://registry.npmjs.org/reduce-component/-/reduce-component-1.0.1.tgz
14979 http GET https://registry.npmjs.org/negotiator/-/negotiator-0.5.3.tgz
14980 silly lockFile 00bb6e01-eam-readable-stream-1-0-27-1-tgz https://registry.npmjs.org/readable-stream/-/readable-stream-1.0.27-1.tgz
14981 silly lockFile 00bb6e01-eam-readable-stream-1-0-27-1-tgz https://registry.npmjs.org/readable-stream/-/readable-stream-1.0.27-1.tgz
14982 silly lockFile 59f6e377-rg-forwarded-forwarded-0-1-0-tgz https://registry.npmjs.org/forwarded/-/forwarded-0.1.0.tgz
14983 verbose lock https://registry.npmjs.org/forwarded/-/forwarded-0.1.0.tgz /home/tag/.npm/59f6e377-rg-forwarded-forwarded-0-1-0-tgz.lock
14984 error Error: ENOENT, lstat '/home/tag/tmp/npm-5363/1460615586257-0.6812997057568282/package/mime.js'
14985 error If you need help, you may report this log at:
14985 error     <http://github.com/isaacs/npm/issues>
14985 error or email it to:
14985 error     <npm-@googlegroups.com>
14986 error System Linux 3.19.0-25-generic
14987 error command "/usr/local/bin/node" "/usr/local/bin/npm" "install"
14988 error cwd /home/tag/Desktop/Sprint3_updated
14989 error node -v v0.10.13
14990 error npm -v 1.3.2
14991 error path /home/tag/tmp/npm-5363/1460615586257-0.6812997057568282/package/mime.js
14992 error fstream_path /home/tag/tmp/npm-5363/1460615586257-0.6812997057568282/package/mime.js
14993 error fstream_type File
14994 error fstream_class FileWriter
14995 error code ENOENT
14996 error errno 34
14997 error fstream_stack /usr/local/lib/node_modules/npm/node_modules/fstream/lib/writer.js:284:26
14997 error fstream_stack Object.oncomplete (fs.js:107:15)
14998 verbose exit [ 34, true ]
